[01m[K/home/elton/temp_humidity_ws/src/dht11/src/dht_pub.cpp:[m[K In member function â€˜[01m[Kvoid DhtSerialPublisher::[01;32m[Khandle_line[m[K(const std::string&)[m[Kâ€™:
[01m[K/home/elton/temp_humidity_ws/src/dht11/src/dht_pub.cpp:96:30:[m[K [01;31m[Kerror: [m[Kâ€˜[01m[Kh[m[Kâ€™ was not declared in this scope
   96 |   float humidity = std::stof([01;31m[Kh[m[K);
      |                              [01;31m[K^[m[K
[01m[K/home/elton/temp_humidity_ws/src/dht11/src/dht_pub.cpp:97:33:[m[K [01;31m[Kerror: [m[Kâ€˜[01m[Kt[m[Kâ€™ was not declared in this scope; did you mean â€˜[01m[Ktm[m[Kâ€™?
   97 |   float temperature = std::stof([01;31m[Kt[m[K);
      |                                 [01;31m[K^[m[K
      |                                 [32m[Ktm[m[K
gmake[2]: *** [CMakeFiles/dht_pub.dir/build.make:76: CMakeFiles/dht_pub.dir/src/dht_pub.cpp.o] Error 1
gmake[1]: *** [CMakeFiles/Makefile2:193: CMakeFiles/dht_pub.dir/all] Error 2
gmake: *** [Makefile:146: all] Error 2
