In file included from [01m[K/opt/ros/jazzy/include/rclcpp/rclcpp/logging.hpp:24[m[K,
                 from [01m[K/opt/ros/jazzy/include/rclcpp/rclcpp/copy_all_parameter_values.hpp:27[m[K,
                 from [01m[K/opt/ros/jazzy/include/rclcpp/rclcpp/rclcpp.hpp:171[m[K,
                 from [01m[K/home/elton/temp_humidity_ws/src/dht11/src/dht_pub.cpp:11[m[K:
[01m[K/home/elton/temp_humidity_ws/src/dht11/src/dht_pub.cpp:[m[K In member function â€˜[01m[Kvoid DhtSerialPublisher::[01;32m[Kpoll_serial[m[K()[m[Kâ€™:
[01m[K/home/elton/temp_humidity_ws/src/dht11/src/dht_pub.cpp:119:50:[m[K [01;31m[Kerror: [m[Kâ€˜[01m[Kn[m[Kâ€™ was not declared in this scope; did you mean â€˜[01m[Kyn[m[Kâ€™?
  119 |     RCLCPP_DEBUG(get_logger(), "read %zd bytes", [01;31m[Kn[m[K);
      |                                                  [01;31m[K^[m[K
gmake[2]: *** [CMakeFiles/dht_pub.dir/build.make:76: CMakeFiles/dht_pub.dir/src/dht_pub.cpp.o] Error 1
gmake[1]: *** [CMakeFiles/Makefile2:193: CMakeFiles/dht_pub.dir/all] Error 2
gmake: *** [Makefile:146: all] Error 2
